
riscv.elf:     file format elf32-littleriscv


Disassembly of section .text:

00000000 <_start>:
   0:	10400513          	li	a0,260
   4:	10800593          	li	a1,264
   8:	11000613          	li	a2,272
   c:	12000693          	li	a3,288
  10:	20200713          	li	a4,514
  14:	20400793          	li	a5,516
  18:	20800813          	li	a6,520
  1c:	00072403          	lw	s0,0(a4)
  20:	0006a483          	lw	s1,0(a3)
  24:	0097a023          	sw	s1,0(a5)

00000028 <loop>:
  28:	0006a483          	lw	s1,0(a3)
  2c:	0097a023          	sw	s1,0(a5)
  30:	00072283          	lw	t0,0(a4)
  34:	01252023          	sw	s2,0(a0)
  38:	fe8288e3          	beq	t0,s0,28 <loop>
  3c:	00500433          	add	s0,zero,t0
  40:	00082903          	lw	s2,0(a6)
  44:	fe5ff06f          	j	28 <loop>

Disassembly of section .riscv.attributes:

00000000 <.riscv.attributes>:
   0:	1941                	.insn	2, 0x1941
   2:	0000                	.insn	2, 0x
   4:	7200                	.insn	2, 0x7200
   6:	7369                	.insn	2, 0x7369
   8:	01007663          	bgeu	zero,a6,14 <_start+0x14>
   c:	0000000f          	fence	unknown,unknown
  10:	7205                	.insn	2, 0x7205
  12:	3376                	.insn	2, 0x3376
  14:	6932                	.insn	2, 0x6932
  16:	7032                	.insn	2, 0x7032
  18:	0031                	.insn	2, 0x0031
